{"meta": {"format": 3, "version": "7.10.7", "timestamp": "2025-10-05T01:16:45.030461", "branch_coverage": false, "show_contexts": false}, "files": {"src/gpux/cli/build.py": {"executed_lines": [1, 3, 5, 6, 7, 8, 10, 11, 12, 19, 21, 22, 23, 25, 26, 28, 33, 34, 71, 72, 74, 75, 77, 78, 79, 81, 82, 90, 91, 92, 93, 96, 97, 98, 99, 100, 103, 104, 105, 106, 107, 109, 110, 111, 114, 115, 116, 117, 120, 121, 123, 126, 127, 128, 131, 134, 135, 136, 138, 141, 143, 144, 146, 147, 148, 149, 150, 153, 159, 164, 165, 167, 168, 169, 170, 171, 172, 174, 177, 182, 183, 185, 186, 187, 188, 189, 191, 194, 195, 200, 201, 202, 203, 205, 206, 213, 215, 216, 221, 222, 223, 225, 226, 230], "summary": {"covered_lines": 103, "num_statements": 103, "percent_covered": 100.0, "percent_covered_display": "100", "missing_lines": 0, "excluded_lines": 0}, "missing_lines": [], "excluded_lines": [], "functions": {"build_command": {"executed_lines": [71, 72, 74, 75, 77, 78, 79, 81, 82, 90, 91, 92, 93, 96, 97, 98, 99, 100, 103, 104, 105, 106, 107, 109, 110, 111, 114, 115, 116, 117, 120, 121, 123, 126, 127, 128, 131, 134, 135, 136, 138, 141, 143, 144, 146, 147, 148, 149, 150], "summary": {"covered_lines": 49, "num_statements": 49, "percent_covered": 100.0, "percent_covered_display": "100", "missing_lines": 0, "excluded_lines": 0}, "missing_lines": [], "excluded_lines": []}, "_display_build_results": {"executed_lines": [159, 164, 165, 167, 168, 169, 170, 171, 172, 174, 177, 182, 183, 185, 186, 187, 188, 189, 191, 194, 195, 200, 201, 202, 203, 205, 206, 213, 215, 216, 221, 222, 223, 225, 226, 230], "summary": {"covered_lines": 36, "num_statements": 36, "percent_covered": 100.0, "percent_covered_display": "100", "missing_lines": 0, "excluded_lines": 0}, "missing_lines": [], "excluded_lines": []}, "": {"executed_lines": [1, 3, 5, 6, 7, 8, 10, 11, 12, 19, 21, 22, 23, 25, 26, 28, 33, 34, 153], "summary": {"covered_lines": 18, "num_statements": 18, "percent_covered": 100.0, "percent_covered_display": "100", "missing_lines": 0, "excluded_lines": 0}, "missing_lines": [], "excluded_lines": []}}, "classes": {"": {"executed_lines": [1, 3, 5, 6, 7, 8, 10, 11, 12, 19, 21, 22, 23, 25, 26, 28, 33, 34, 71, 72, 74, 75, 77, 78, 79, 81, 82, 90, 91, 92, 93, 96, 97, 98, 99, 100, 103, 104, 105, 106, 107, 109, 110, 111, 114, 115, 116, 117, 120, 121, 123, 126, 127, 128, 131, 134, 135, 136, 138, 141, 143, 144, 146, 147, 148, 149, 150, 153, 159, 164, 165, 167, 168, 169, 170, 171, 172, 174, 177, 182, 183, 185, 186, 187, 188, 189, 191, 194, 195, 200, 201, 202, 203, 205, 206, 213, 215, 216, 221, 222, 223, 225, 226, 230], "summary": {"covered_lines": 103, "num_statements": 103, "percent_covered": 100.0, "percent_covered_display": "100", "missing_lines": 0, "excluded_lines": 0}, "missing_lines": [], "excluded_lines": []}}}, "src/gpux/cli/inspect.py": {"executed_lines": [1, 3, 5, 6, 7, 8, 10, 11, 12, 13, 15, 16, 17, 19, 20, 22, 25, 26, 63, 64, 66, 67, 69, 70, 72, 75, 77, 78, 79, 80, 81, 84, 91, 92, 93, 96, 97, 99, 100, 102, 105, 116, 117, 118, 119, 122, 123, 126, 127, 132, 133, 135, 142, 143, 146, 152, 153, 155, 156, 161, 162, 163, 165, 167, 170, 181, 182, 183, 186, 187, 191, 192, 203, 206, 209, 214, 215, 217, 218, 219, 220, 221, 222, 223, 224, 226, 229, 233, 238, 239, 241, 242, 243, 244, 245, 247, 250, 251, 256, 257, 258, 259, 260, 262, 263, 271, 274, 275, 280, 281, 282, 283, 284, 286, 287, 288, 296, 299, 300, 305, 306, 308, 309, 310, 312, 315, 319, 324, 325, 326, 327, 329, 330, 331, 332, 333, 335, 337, 340, 345, 346, 347, 349, 350, 351, 352, 354], "summary": {"covered_lines": 146, "num_statements": 159, "percent_covered": 91.82389937106919, "percent_covered_display": "92", "missing_lines": 13, "excluded_lines": 0}, "missing_lines": [128, 129, 136, 140, 188, 194, 195, 196, 197, 198, 199, 200, 201], "excluded_lines": [], "functions": {"inspect_command": {"executed_lines": [63, 64, 66, 67, 69, 70, 72, 75, 77, 78, 79, 80, 81], "summary": {"covered_lines": 13, "num_statements": 13, "percent_covered": 100.0, "percent_covered_display": "100", "missing_lines": 0, "excluded_lines": 0}, "missing_lines": [], "excluded_lines": []}, "_inspect_model_file": {"executed_lines": [91, 92, 93, 96, 97, 99, 100, 102], "summary": {"covered_lines": 8, "num_statements": 8, "percent_covered": 100.0, "percent_covered_display": "100", "missing_lines": 0, "excluded_lines": 0}, "missing_lines": [], "excluded_lines": []}, "_inspect_model_by_name": {"executed_lines": [116, 117, 118, 119, 122, 123, 126, 127, 132, 133, 135, 142, 143], "summary": {"covered_lines": 13, "num_statements": 17, "percent_covered": 76.47058823529412, "percent_covered_display": "76", "missing_lines": 4, "excluded_lines": 0}, "missing_lines": [128, 129, 136, 140], "excluded_lines": []}, "_inspect_runtime": {"executed_lines": [152, 153, 155, 156, 161, 162, 163, 165, 167], "summary": {"covered_lines": 9, "num_statements": 9, "percent_covered": 100.0, "percent_covered_display": "100", "missing_lines": 0, "excluded_lines": 0}, "missing_lines": [], "excluded_lines": []}, "_find_model_config": {"executed_lines": [181, 182, 183, 186, 187, 191, 192, 203], "summary": {"covered_lines": 8, "num_statements": 17, "percent_covered": 47.05882352941177, "percent_covered_display": "47", "missing_lines": 9, "excluded_lines": 0}, "missing_lines": [188, 194, 195, 196, 197, 198, 199, 200, 201], "excluded_lines": []}, "_display_config_info": {"executed_lines": [209, 214, 215, 217, 218, 219, 220, 221, 222, 223, 224, 226], "summary": {"covered_lines": 12, "num_statements": 12, "percent_covered": 100.0, "percent_covered_display": "100", "missing_lines": 0, "excluded_lines": 0}, "missing_lines": [], "excluded_lines": []}, "_display_model_info": {"executed_lines": [233, 238, 239, 241, 242, 243, 244, 245, 247, 250, 251, 256, 257, 258, 259, 260, 262, 263, 271, 274, 275, 280, 281, 282, 283, 284, 286, 287, 288, 296, 299, 300, 305, 306, 308, 309, 310, 312], "summary": {"covered_lines": 38, "num_statements": 38, "percent_covered": 100.0, "percent_covered_display": "100", "missing_lines": 0, "excluded_lines": 0}, "missing_lines": [], "excluded_lines": []}, "_display_runtime_info": {"executed_lines": [319, 324, 325, 326, 327, 329, 330, 331, 332, 333, 335, 337, 340, 345, 346, 347, 349, 350, 351, 352, 354], "summary": {"covered_lines": 21, "num_statements": 21, "percent_covered": 100.0, "percent_covered_display": "100", "missing_lines": 0, "excluded_lines": 0}, "missing_lines": [], "excluded_lines": []}, "": {"executed_lines": [1, 3, 5, 6, 7, 8, 10, 11, 12, 13, 15, 16, 17, 19, 20, 22, 25, 26, 84, 105, 146, 170, 206, 229, 315], "summary": {"covered_lines": 24, "num_statements": 24, "percent_covered": 100.0, "percent_covered_display": "100", "missing_lines": 0, "excluded_lines": 0}, "missing_lines": [], "excluded_lines": []}}, "classes": {"": {"executed_lines": [1, 3, 5, 6, 7, 8, 10, 11, 12, 13, 15, 16, 17, 19, 20, 22, 25, 26, 63, 64, 66, 67, 69, 70, 72, 75, 77, 78, 79, 80, 81, 84, 91, 92, 93, 96, 97, 99, 100, 102, 105, 116, 117, 118, 119, 122, 123, 126, 127, 132, 133, 135, 142, 143, 146, 152, 153, 155, 156, 161, 162, 163, 165, 167, 170, 181, 182, 183, 186, 187, 191, 192, 203, 206, 209, 214, 215, 217, 218, 219, 220, 221, 222, 223, 224, 226, 229, 233, 238, 239, 241, 242, 243, 244, 245, 247, 250, 251, 256, 257, 258, 259, 260, 262, 263, 271, 274, 275, 280, 281, 282, 283, 284, 286, 287, 288, 296, 299, 300, 305, 306, 308, 309, 310, 312, 315, 319, 324, 325, 326, 327, 329, 330, 331, 332, 333, 335, 337, 340, 345, 346, 347, 349, 350, 351, 352, 354], "summary": {"covered_lines": 146, "num_statements": 159, "percent_covered": 91.82389937106919, "percent_covered_display": "92", "missing_lines": 13, "excluded_lines": 0}, "missing_lines": [128, 129, 136, 140, 188, 194, 195, 196, 197, 198, 199, 200, 201], "excluded_lines": []}}}, "src/gpux/cli/main.py": {"executed_lines": [1, 3, 5, 6, 8, 9, 10, 12, 13, 17, 18, 19, 20, 23, 33, 42, 43, 44, 45, 48, 49, 71, 72, 73, 75, 76, 79], "summary": {"covered_lines": 25, "num_statements": 27, "percent_covered": 92.5925925925926, "percent_covered_display": "93", "missing_lines": 2, "excluded_lines": 9}, "missing_lines": [14, 15], "excluded_lines": [79, 80, 81, 82, 83, 84, 85, 86, 87], "functions": {"main": {"executed_lines": [71, 72, 73, 75, 76], "summary": {"covered_lines": 5, "num_statements": 5, "percent_covered": 100.0, "percent_covered_display": "100", "missing_lines": 0, "excluded_lines": 0}, "missing_lines": [], "excluded_lines": []}, "": {"executed_lines": [1, 3, 5, 6, 8, 9, 10, 12, 13, 17, 18, 19, 20, 23, 33, 42, 43, 44, 45, 48, 49, 79], "summary": {"covered_lines": 20, "num_statements": 22, "percent_covered": 90.9090909090909, "percent_covered_display": "91", "missing_lines": 2, "excluded_lines": 9}, "missing_lines": [14, 15], "excluded_lines": [79, 80, 81, 82, 83, 84, 85, 86, 87]}}, "classes": {"": {"executed_lines": [1, 3, 5, 6, 8, 9, 10, 12, 13, 17, 18, 19, 20, 23, 33, 42, 43, 44, 45, 48, 49, 71, 72, 73, 75, 76, 79], "summary": {"covered_lines": 25, "num_statements": 27, "percent_covered": 92.5925925925926, "percent_covered_display": "93", "missing_lines": 2, "excluded_lines": 9}, "missing_lines": [14, 15], "excluded_lines": [79, 80, 81, 82, 83, 84, 85, 86, 87]}}}, "src/gpux/cli/run.py": {"executed_lines": [1, 3, 5, 6, 7, 8, 10, 11, 12, 13, 14, 15, 17, 18, 20, 21, 23, 26, 27, 91, 92, 94, 96, 97, 98, 99, 102, 103, 106, 107, 112, 113, 114, 115, 118, 123, 124, 129, 132, 133, 135, 138, 140, 141, 142, 143, 144, 147, 158, 159, 160, 163, 164, 168, 169, 180, 183, 195, 197, 198, 199, 200, 201, 202, 203, 205, 206, 208, 209, 210, 211, 212, 218, 219, 220, 221, 222, 223, 225, 228, 238, 241, 242, 243, 244, 249, 252, 253, 254, 257, 260, 261, 262, 263, 265, 268, 284, 290, 291, 292, 293, 298, 301, 306, 307, 309, 310, 311, 312, 313, 317, 320, 321, 322, 323], "summary": {"covered_lines": 114, "num_statements": 132, "percent_covered": 86.36363636363636, "percent_covered_display": "86", "missing_lines": 18, "excluded_lines": 0}, "missing_lines": [108, 109, 165, 171, 172, 173, 174, 175, 176, 177, 178, 213, 214, 215, 246, 255, 295, 315], "excluded_lines": [], "functions": {"run_command": {"executed_lines": [91, 92, 94, 96, 97, 98, 99, 102, 103, 106, 107, 112, 113, 114, 115, 118, 123, 124, 129, 132, 133, 135, 138, 140, 141, 142, 143, 144], "summary": {"covered_lines": 28, "num_statements": 30, "percent_covered": 93.33333333333333, "percent_covered_display": "93", "missing_lines": 2, "excluded_lines": 0}, "missing_lines": [108, 109], "excluded_lines": []}, "_find_model_config": {"executed_lines": [158, 159, 160, 163, 164, 168, 169, 180], "summary": {"covered_lines": 8, "num_statements": 17, "percent_covered": 47.05882352941177, "percent_covered_display": "47", "missing_lines": 9, "excluded_lines": 0}, "missing_lines": [165, 171, 172, 173, 174, 175, 176, 177, 178], "excluded_lines": []}, "_load_input_data": {"executed_lines": [195, 197, 198, 199, 200, 201, 202, 203, 205, 206, 208, 209, 210, 211, 212, 218, 219, 220, 221, 222, 223, 225], "summary": {"covered_lines": 22, "num_statements": 25, "percent_covered": 88.0, "percent_covered_display": "88", "missing_lines": 3, "excluded_lines": 0}, "missing_lines": [213, 214, 215], "excluded_lines": []}, "_run_inference": {"executed_lines": [238, 241, 242, 243, 244, 249, 252, 253, 254, 257, 260, 261, 262, 263, 265], "summary": {"covered_lines": 15, "num_statements": 17, "percent_covered": 88.23529411764706, "percent_covered_display": "88", "missing_lines": 2, "excluded_lines": 0}, "missing_lines": [246, 255], "excluded_lines": []}, "_run_benchmark": {"executed_lines": [284, 290, 291, 292, 293, 298, 301, 306, 307, 309, 310, 311, 312, 313, 317, 320, 321, 322, 323], "summary": {"covered_lines": 19, "num_statements": 21, "percent_covered": 90.47619047619048, "percent_covered_display": "90", "missing_lines": 2, "excluded_lines": 0}, "missing_lines": [295, 315], "excluded_lines": []}, "": {"executed_lines": [1, 3, 5, 6, 7, 8, 10, 11, 12, 13, 14, 15, 17, 18, 20, 21, 23, 26, 27, 147, 183, 228, 268], "summary": {"covered_lines": 22, "num_statements": 22, "percent_covered": 100.0, "percent_covered_display": "100", "missing_lines": 0, "excluded_lines": 0}, "missing_lines": [], "excluded_lines": []}}, "classes": {"": {"executed_lines": [1, 3, 5, 6, 7, 8, 10, 11, 12, 13, 14, 15, 17, 18, 20, 21, 23, 26, 27, 91, 92, 94, 96, 97, 98, 99, 102, 103, 106, 107, 112, 113, 114, 115, 118, 123, 124, 129, 132, 133, 135, 138, 140, 141, 142, 143, 144, 147, 158, 159, 160, 163, 164, 168, 169, 180, 183, 195, 197, 198, 199, 200, 201, 202, 203, 205, 206, 208, 209, 210, 211, 212, 218, 219, 220, 221, 222, 223, 225, 228, 238, 241, 242, 243, 244, 249, 252, 253, 254, 257, 260, 261, 262, 263, 265, 268, 284, 290, 291, 292, 293, 298, 301, 306, 307, 309, 310, 311, 312, 313, 317, 320, 321, 322, 323], "summary": {"covered_lines": 114, "num_statements": 132, "percent_covered": 86.36363636363636, "percent_covered_display": "86", "missing_lines": 18, "excluded_lines": 0}, "missing_lines": [108, 109, 165, 171, 172, 173, 174, 175, 176, 177, 178, 213, 214, 215, 246, 255, 295, 315], "excluded_lines": []}}}, "src/gpux/cli/serve.py": {"executed_lines": [1, 3, 5, 6, 7, 8, 10, 11, 12, 14, 15, 17, 18, 20, 23, 24, 72, 73, 75, 77, 78, 79, 80, 83, 84, 87, 88, 89, 90, 106, 107, 108, 109, 110, 113, 124, 125, 126, 129, 130, 134, 135, 146, 149, 155, 160, 161, 163, 164, 165, 166, 168, 171, 176, 177, 179, 180, 181, 182, 184, 187, 192, 193, 194, 196, 197, 198, 199, 201, 204], "summary": {"covered_lines": 69, "num_statements": 128, "percent_covered": 53.90625, "percent_covered_display": "54", "missing_lines": 59, "excluded_lines": 0}, "missing_lines": [93, 94, 101, 104, 131, 137, 138, 139, 140, 141, 142, 143, 144, 216, 217, 218, 219, 225, 232, 233, 235, 238, 239, 241, 242, 243, 245, 248, 249, 251, 252, 258, 259, 261, 263, 264, 265, 266, 268, 271, 272, 273, 276, 277, 278, 279, 281, 283, 286, 287, 288, 290, 302, 303, 304, 305, 306, 307, 309], "excluded_lines": [], "functions": {"serve_command": {"executed_lines": [72, 73, 75, 77, 78, 79, 80, 83, 84, 87, 88, 89, 90, 106, 107, 108, 109, 110], "summary": {"covered_lines": 18, "num_statements": 22, "percent_covered": 81.81818181818181, "percent_covered_display": "82", "missing_lines": 4, "excluded_lines": 0}, "missing_lines": [93, 94, 101, 104], "excluded_lines": []}, "_find_model_config": {"executed_lines": [124, 125, 126, 129, 130, 134, 135, 146], "summary": {"covered_lines": 8, "num_statements": 17, "percent_covered": 47.05882352941177, "percent_covered_display": "47", "missing_lines": 9, "excluded_lines": 0}, "missing_lines": [131, 137, 138, 139, 140, 141, 142, 143, 144], "excluded_lines": []}, "_display_server_info": {"executed_lines": [155, 160, 161, 163, 164, 165, 166, 168, 171, 176, 177, 179, 180, 181, 182, 184, 187, 192, 193, 194, 196, 197, 198, 199, 201], "summary": {"covered_lines": 25, "num_statements": 25, "percent_covered": 100.0, "percent_covered_display": "100", "missing_lines": 0, "excluded_lines": 0}, "missing_lines": [], "excluded_lines": []}, "_start_server": {"executed_lines": [], "summary": {"covered_lines": 0, "num_statements": 24, "percent_covered": 0.0, "percent_covered_display": "0", "missing_lines": 24, "excluded_lines": 0}, "missing_lines": [216, 217, 218, 219, 225, 232, 233, 238, 239, 248, 249, 258, 259, 286, 287, 288, 290, 302, 303, 304, 305, 306, 307, 309], "excluded_lines": []}, "_start_server.health_check": {"executed_lines": [], "summary": {"covered_lines": 0, "num_statements": 1, "percent_covered": 0.0, "percent_covered_display": "0", "missing_lines": 1, "excluded_lines": 0}, "missing_lines": [235], "excluded_lines": []}, "_start_server.model_info": {"executed_lines": [], "summary": {"covered_lines": 0, "num_statements": 4, "percent_covered": 0.0, "percent_covered_display": "0", "missing_lines": 4, "excluded_lines": 0}, "missing_lines": [241, 242, 243, 245], "excluded_lines": []}, "_start_server.metrics": {"executed_lines": [], "summary": {"covered_lines": 0, "num_statements": 2, "percent_covered": 0.0, "percent_covered_display": "0", "missing_lines": 2, "excluded_lines": 0}, "missing_lines": [251, 252], "excluded_lines": []}, "_start_server.predict": {"executed_lines": [], "summary": {"covered_lines": 0, "num_statements": 15, "percent_covered": 0.0, "percent_covered_display": "0", "missing_lines": 15, "excluded_lines": 0}, "missing_lines": [261, 263, 264, 265, 266, 268, 271, 272, 273, 276, 277, 278, 279, 281, 283], "excluded_lines": []}, "": {"executed_lines": [1, 3, 5, 6, 7, 8, 10, 11, 12, 14, 15, 17, 18, 20, 23, 24, 113, 149, 204], "summary": {"covered_lines": 18, "num_statements": 18, "percent_covered": 100.0, "percent_covered_display": "100", "missing_lines": 0, "excluded_lines": 0}, "missing_lines": [], "excluded_lines": []}}, "classes": {"": {"executed_lines": [1, 3, 5, 6, 7, 8, 10, 11, 12, 14, 15, 17, 18, 20, 23, 24, 72, 73, 75, 77, 78, 79, 80, 83, 84, 87, 88, 89, 90, 106, 107, 108, 109, 110, 113, 124, 125, 126, 129, 130, 134, 135, 146, 149, 155, 160, 161, 163, 164, 165, 166, 168, 171, 176, 177, 179, 180, 181, 182, 184, 187, 192, 193, 194, 196, 197, 198, 199, 201, 204], "summary": {"covered_lines": 69, "num_statements": 128, "percent_covered": 53.90625, "percent_covered_display": "54", "missing_lines": 59, "excluded_lines": 0}, "missing_lines": [93, 94, 101, 104, 131, 137, 138, 139, 140, 141, 142, 143, 144, 216, 217, 218, 219, 225, 232, 233, 235, 238, 239, 241, 242, 243, 245, 248, 249, 251, 252, 258, 259, 261, 263, 264, 265, 266, 268, 271, 272, 273, 276, 277, 278, 279, 281, 283, 286, 287, 288, 290, 302, 303, 304, 305, 306, 307, 309], "excluded_lines": []}}}, "src/gpux/config/parser.py": {"executed_lines": [1, 3, 5, 6, 7, 9, 10, 12, 15, 16, 18, 19, 20, 21, 22, 23, 26, 27, 29, 30, 31, 32, 33, 36, 37, 39, 40, 41, 43, 44, 45, 47, 48, 49, 52, 53, 55, 56, 58, 59, 60, 62, 63, 64, 65, 66, 69, 70, 72, 73, 74, 75, 78, 79, 81, 82, 83, 84, 85, 88, 89, 91, 92, 93, 94, 95, 98, 99, 101, 102, 103, 105, 106, 107, 109, 110, 111, 113, 115, 116, 117, 119, 120, 121, 122, 124, 125, 126, 128, 129, 130, 131, 134, 135, 137, 139, 141, 154, 156, 157, 158, 160, 161, 162, 164, 169, 171, 172, 173, 174, 175, 180, 182, 194, 195, 197, 202, 204, 205, 213, 215, 225, 226, 227, 228, 229, 230, 232, 233, 236, 237, 238, 239, 240, 241, 243, 244, 246, 248, 256, 265, 268, 269, 272, 273, 275, 277, 286, 289, 290, 293, 294, 296, 298, 304, 307, 309, 315, 319, 322, 323, 324, 325, 326, 327, 328, 329, 331, 333, 334, 336], "summary": {"covered_lines": 161, "num_statements": 182, "percent_covered": 88.46153846153847, "percent_covered_display": "88", "missing_lines": 21, "excluded_lines": 0}, "missing_lines": [165, 166, 176, 177, 178, 198, 199, 206, 207, 208, 209, 210, 211, 254, 266, 270, 287, 291, 305, 316, 317], "excluded_lines": [], "functions": {"ModelConfig.validate_source": {"executed_lines": [47, 48, 49], "summary": {"covered_lines": 3, "num_statements": 3, "percent_covered": 100.0, "percent_covered_display": "100", "missing_lines": 0, "excluded_lines": 0}, "missing_lines": [], "excluded_lines": []}, "GPUConfig.validate_memory": {"executed_lines": [62, 63, 64, 65, 66], "summary": {"covered_lines": 5, "num_statements": 5, "percent_covered": 100.0, "percent_covered_display": "100", "missing_lines": 0, "excluded_lines": 0}, "missing_lines": [], "excluded_lines": []}, "GPUXConfig.validate_inputs": {"executed_lines": [119, 120, 121, 122], "summary": {"covered_lines": 4, "num_statements": 4, "percent_covered": 100.0, "percent_covered_display": "100", "missing_lines": 0, "excluded_lines": 0}, "missing_lines": [], "excluded_lines": []}, "GPUXConfig.validate_outputs": {"executed_lines": [128, 129, 130, 131], "summary": {"covered_lines": 4, "num_statements": 4, "percent_covered": 100.0, "percent_covered_display": "100", "missing_lines": 0, "excluded_lines": 0}, "missing_lines": [], "excluded_lines": []}, "GPUXConfigParser.__init__": {"executed_lines": [139], "summary": {"covered_lines": 1, "num_statements": 1, "percent_covered": 100.0, "percent_covered_display": "100", "missing_lines": 0, "excluded_lines": 0}, "missing_lines": [], "excluded_lines": []}, "GPUXConfigParser.parse_file": {"executed_lines": [154, 156, 157, 158, 160, 161, 162, 164, 169, 171, 172, 173, 174, 175, 180], "summary": {"covered_lines": 15, "num_statements": 20, "percent_covered": 75.0, "percent_covered_display": "75", "missing_lines": 5, "excluded_lines": 0}, "missing_lines": [165, 166, 176, 177, 178], "excluded_lines": []}, "GPUXConfigParser.parse_string": {"executed_lines": [194, 195, 197, 202, 204, 205, 213], "summary": {"covered_lines": 7, "num_statements": 15, "percent_covered": 46.666666666666664, "percent_covered_display": "47", "missing_lines": 8, "excluded_lines": 0}, "missing_lines": [198, 199, 206, 207, 208, 209, 210, 211], "excluded_lines": []}, "GPUXConfigParser._normalize_config_data": {"executed_lines": [225, 226, 227, 228, 229, 230, 232, 233, 236, 237, 238, 239, 240, 241, 243, 244, 246], "summary": {"covered_lines": 17, "num_statements": 17, "percent_covered": 100.0, "percent_covered_display": "100", "missing_lines": 0, "excluded_lines": 0}, "missing_lines": [], "excluded_lines": []}, "GPUXConfigParser.get_config": {"executed_lines": [], "summary": {"covered_lines": 0, "num_statements": 1, "percent_covered": 0.0, "percent_covered_display": "0", "missing_lines": 1, "excluded_lines": 0}, "missing_lines": [254], "excluded_lines": []}, "GPUXConfigParser.validate_model_path": {"executed_lines": [265, 268, 269, 272, 273, 275], "summary": {"covered_lines": 6, "num_statements": 8, "percent_covered": 75.0, "percent_covered_display": "75", "missing_lines": 2, "excluded_lines": 0}, "missing_lines": [266, 270], "excluded_lines": []}, "GPUXConfigParser.get_model_path": {"executed_lines": [286, 289, 290, 293, 294, 296], "summary": {"covered_lines": 6, "num_statements": 8, "percent_covered": 75.0, "percent_covered_display": "75", "missing_lines": 2, "excluded_lines": 0}, "missing_lines": [287, 291], "excluded_lines": []}, "GPUXConfigParser.to_dict": {"executed_lines": [304, 307], "summary": {"covered_lines": 2, "num_statements": 3, "percent_covered": 66.66666666666667, "percent_covered_display": "67", "missing_lines": 1, "excluded_lines": 0}, "missing_lines": [305], "excluded_lines": []}, "GPUXConfigParser.save": {"executed_lines": [315, 319, 322, 331, 333, 334, 336], "summary": {"covered_lines": 7, "num_statements": 9, "percent_covered": 77.77777777777777, "percent_covered_display": "78", "missing_lines": 2, "excluded_lines": 0}, "missing_lines": [316, 317], "excluded_lines": []}, "GPUXConfigParser.save.convert_paths": {"executed_lines": [323, 324, 325, 326, 327, 328, 329], "summary": {"covered_lines": 7, "num_statements": 7, "percent_covered": 100.0, "percent_covered_display": "100", "missing_lines": 0, "excluded_lines": 0}, "missing_lines": [], "excluded_lines": []}, "": {"executed_lines": [1, 3, 5, 6, 7, 9, 10, 12, 15, 16, 18, 19, 20, 21, 22, 23, 26, 27, 29, 30, 31, 32, 33, 36, 37, 39, 40, 41, 43, 44, 45, 52, 53, 55, 56, 58, 59, 60, 69, 70, 72, 73, 74, 75, 78, 79, 81, 82, 83, 84, 85, 88, 89, 91, 92, 93, 94, 95, 98, 99, 101, 102, 103, 105, 106, 107, 109, 110, 111, 113, 115, 116, 117, 124, 125, 126, 134, 135, 137, 141, 182, 215, 248, 256, 277, 298, 309], "summary": {"covered_lines": 77, "num_statements": 77, "percent_covered": 100.0, "percent_covered_display": "100", "missing_lines": 0, "excluded_lines": 0}, "missing_lines": [], "excluded_lines": []}}, "classes": {"InputConfig": {"executed_lines": [], "summary": {"covered_lines": 0, "num_statements": 0, "percent_covered": 100.0, "percent_covered_display": "100", "missing_lines": 0, "excluded_lines": 0}, "missing_lines": [], "excluded_lines": []}, "OutputConfig": {"executed_lines": [], "summary": {"covered_lines": 0, "num_statements": 0, "percent_covered": 100.0, "percent_covered_display": "100", "missing_lines": 0, "excluded_lines": 0}, "missing_lines": [], "excluded_lines": []}, "ModelConfig": {"executed_lines": [47, 48, 49], "summary": {"covered_lines": 3, "num_statements": 3, "percent_covered": 100.0, "percent_covered_display": "100", "missing_lines": 0, "excluded_lines": 0}, "missing_lines": [], "excluded_lines": []}, "GPUConfig": {"executed_lines": [62, 63, 64, 65, 66], "summary": {"covered_lines": 5, "num_statements": 5, "percent_covered": 100.0, "percent_covered_display": "100", "missing_lines": 0, "excluded_lines": 0}, "missing_lines": [], "excluded_lines": []}, "RuntimeConfig": {"executed_lines": [], "summary": {"covered_lines": 0, "num_statements": 0, "percent_covered": 100.0, "percent_covered_display": "100", "missing_lines": 0, "excluded_lines": 0}, "missing_lines": [], "excluded_lines": []}, "ServingConfig": {"executed_lines": [], "summary": {"covered_lines": 0, "num_statements": 0, "percent_covered": 100.0, "percent_covered_display": "100", "missing_lines": 0, "excluded_lines": 0}, "missing_lines": [], "excluded_lines": []}, "PreprocessingConfig": {"executed_lines": [], "summary": {"covered_lines": 0, "num_statements": 0, "percent_covered": 100.0, "percent_covered_display": "100", "missing_lines": 0, "excluded_lines": 0}, "missing_lines": [], "excluded_lines": []}, "GPUXConfig": {"executed_lines": [119, 120, 121, 122, 128, 129, 130, 131], "summary": {"covered_lines": 8, "num_statements": 8, "percent_covered": 100.0, "percent_covered_display": "100", "missing_lines": 0, "excluded_lines": 0}, "missing_lines": [], "excluded_lines": []}, "GPUXConfigParser": {"executed_lines": [139, 154, 156, 157, 158, 160, 161, 162, 164, 169, 171, 172, 173, 174, 175, 180, 194, 195, 197, 202, 204, 205, 213, 225, 226, 227, 228, 229, 230, 232, 233, 236, 237, 238, 239, 240, 241, 243, 244, 246, 265, 268, 269, 272, 273, 275, 286, 289, 290, 293, 294, 296, 304, 307, 315, 319, 322, 323, 324, 325, 326, 327, 328, 329, 331, 333, 334, 336], "summary": {"covered_lines": 68, "num_statements": 89, "percent_covered": 76.40449438202248, "percent_covered_display": "76", "missing_lines": 21, "excluded_lines": 0}, "missing_lines": [165, 166, 176, 177, 178, 198, 199, 206, 207, 208, 209, 210, 211, 254, 266, 270, 287, 291, 305, 316, 317], "excluded_lines": []}, "": {"executed_lines": [1, 3, 5, 6, 7, 9, 10, 12, 15, 16, 18, 19, 20, 21, 22, 23, 26, 27, 29, 30, 31, 32, 33, 36, 37, 39, 40, 41, 43, 44, 45, 52, 53, 55, 56, 58, 59, 60, 69, 70, 72, 73, 74, 75, 78, 79, 81, 82, 83, 84, 85, 88, 89, 91, 92, 93, 94, 95, 98, 99, 101, 102, 103, 105, 106, 107, 109, 110, 111, 113, 115, 116, 117, 124, 125, 126, 134, 135, 137, 141, 182, 215, 248, 256, 277, 298, 309], "summary": {"covered_lines": 77, "num_statements": 77, "percent_covered": 100.0, "percent_covered_display": "100", "missing_lines": 0, "excluded_lines": 0}, "missing_lines": [], "excluded_lines": []}}}, "src/gpux/core/models.py": {"executed_lines": [1, 3, 5, 6, 7, 8, 9, 11, 13, 16, 19, 20, 21, 23, 24, 25, 26, 27, 29, 33, 34, 39, 40, 41, 43, 44, 45, 46, 47, 49, 53, 54, 59, 60, 61, 63, 64, 65, 66, 67, 68, 69, 70, 72, 86, 87, 100, 106, 107, 115, 116, 118, 120, 122, 135, 137, 138, 139, 141, 143, 146, 147, 148, 149, 152, 153, 154, 160, 163, 164, 165, 170, 173, 175, 190, 192, 194, 202, 204, 206, 208, 211, 213, 214, 215, 229, 230, 232, 234, 243, 245, 254, 257, 259, 260, 262, 263, 264, 265, 266, 269, 270, 271, 274, 277, 278, 287, 288, 289, 292, 295, 308], "summary": {"covered_lines": 107, "num_statements": 135, "percent_covered": 79.25925925925925, "percent_covered_display": "79", "missing_lines": 28, "excluded_lines": 0}, "missing_lines": [14, 31, 36, 51, 56, 74, 89, 102, 103, 104, 109, 110, 111, 112, 186, 187, 188, 209, 226, 227, 255, 272, 279, 296, 303, 304, 305, 306], "excluded_lines": [], "functions": {"InputSpec.to_dict": {"executed_lines": [], "summary": {"covered_lines": 0, "num_statements": 1, "percent_covered": 0.0, "percent_covered_display": "0", "missing_lines": 1, "excluded_lines": 0}, "missing_lines": [31], "excluded_lines": []}, "InputSpec.from_dict": {"executed_lines": [], "summary": {"covered_lines": 0, "num_statements": 1, "percent_covered": 0.0, "percent_covered_display": "0", "missing_lines": 1, "excluded_lines": 0}, "missing_lines": [36], "excluded_lines": []}, "OutputSpec.to_dict": {"executed_lines": [], "summary": {"covered_lines": 0, "num_statements": 1, "percent_covered": 0.0, "percent_covered_display": "0", "missing_lines": 1, "excluded_lines": 0}, "missing_lines": [51], "excluded_lines": []}, "OutputSpec.from_dict": {"executed_lines": [], "summary": {"covered_lines": 0, "num_statements": 1, "percent_covered": 0.0, "percent_covered_display": "0", "missing_lines": 1, "excluded_lines": 0}, "missing_lines": [56], "excluded_lines": []}, "ModelInfo.to_dict": {"executed_lines": [], "summary": {"covered_lines": 0, "num_statements": 1, "percent_covered": 0.0, "percent_covered_display": "0", "missing_lines": 1, "excluded_lines": 0}, "missing_lines": [74], "excluded_lines": []}, "ModelInfo.from_dict": {"executed_lines": [], "summary": {"covered_lines": 0, "num_statements": 1, "percent_covered": 0.0, "percent_covered_display": "0", "missing_lines": 1, "excluded_lines": 0}, "missing_lines": [89], "excluded_lines": []}, "ModelInfo.save": {"executed_lines": [], "summary": {"covered_lines": 0, "num_statements": 3, "percent_covered": 0.0, "percent_covered_display": "0", "missing_lines": 3, "excluded_lines": 0}, "missing_lines": [102, 103, 104], "excluded_lines": []}, "ModelInfo.load": {"executed_lines": [], "summary": {"covered_lines": 0, "num_statements": 4, "percent_covered": 0.0, "percent_covered_display": "0", "missing_lines": 4, "excluded_lines": 0}, "missing_lines": [109, 110, 111, 112], "excluded_lines": []}, "ModelInspector.__init__": {"executed_lines": [120], "summary": {"covered_lines": 1, "num_statements": 1, "percent_covered": 100.0, "percent_covered_display": "100", "missing_lines": 0, "excluded_lines": 0}, "missing_lines": [], "excluded_lines": []}, "ModelInspector.inspect": {"executed_lines": [135, 137, 138, 139, 141, 143, 146, 147, 148, 149, 152, 153, 154, 160, 163, 164, 165, 170, 173, 175, 190], "summary": {"covered_lines": 21, "num_statements": 24, "percent_covered": 87.5, "percent_covered_display": "88", "missing_lines": 3, "excluded_lines": 0}, "missing_lines": [186, 187, 188], "excluded_lines": []}, "ModelInspector._get_numpy_type_name": {"executed_lines": [194, 202], "summary": {"covered_lines": 2, "num_statements": 2, "percent_covered": 100.0, "percent_covered_display": "100", "missing_lines": 0, "excluded_lines": 0}, "missing_lines": [], "excluded_lines": []}, "ModelInspector._extract_metadata": {"executed_lines": [206, 208, 211, 213, 214, 215, 229, 230, 232], "summary": {"covered_lines": 9, "num_statements": 12, "percent_covered": 75.0, "percent_covered_display": "75", "missing_lines": 3, "excluded_lines": 0}, "missing_lines": [209, 226, 227], "excluded_lines": []}, "ModelInspector._create_session": {"executed_lines": [243], "summary": {"covered_lines": 1, "num_statements": 1, "percent_covered": 100.0, "percent_covered_display": "100", "missing_lines": 0, "excluded_lines": 0}, "missing_lines": [], "excluded_lines": []}, "ModelInspector.validate_input": {"executed_lines": [254, 257, 259, 260, 262, 263, 264, 265, 266, 269, 270, 271, 274, 277, 278, 287, 288, 289, 292, 295, 308], "summary": {"covered_lines": 21, "num_statements": 29, "percent_covered": 72.41379310344827, "percent_covered_display": "72", "missing_lines": 8, "excluded_lines": 0}, "missing_lines": [255, 272, 279, 296, 303, 304, 305, 306], "excluded_lines": []}, "": {"executed_lines": [1, 3, 5, 6, 7, 8, 9, 11, 13, 16, 19, 20, 21, 23, 24, 25, 26, 27, 29, 33, 34, 39, 40, 41, 43, 44, 45, 46, 47, 49, 53, 54, 59, 60, 61, 63, 64, 65, 66, 67, 68, 69, 70, 72, 86, 87, 100, 106, 107, 115, 116, 118, 122, 192, 204, 234, 245], "summary": {"covered_lines": 52, "num_statements": 53, "percent_covered": 98.11320754716981, "percent_covered_display": "98", "missing_lines": 1, "excluded_lines": 0}, "missing_lines": [14], "excluded_lines": []}}, "classes": {"InputSpec": {"executed_lines": [], "summary": {"covered_lines": 0, "num_statements": 2, "percent_covered": 0.0, "percent_covered_display": "0", "missing_lines": 2, "excluded_lines": 0}, "missing_lines": [31, 36], "excluded_lines": []}, "OutputSpec": {"executed_lines": [], "summary": {"covered_lines": 0, "num_statements": 2, "percent_covered": 0.0, "percent_covered_display": "0", "missing_lines": 2, "excluded_lines": 0}, "missing_lines": [51, 56], "excluded_lines": []}, "ModelInfo": {"executed_lines": [], "summary": {"covered_lines": 0, "num_statements": 9, "percent_covered": 0.0, "percent_covered_display": "0", "missing_lines": 9, "excluded_lines": 0}, "missing_lines": [74, 89, 102, 103, 104, 109, 110, 111, 112], "excluded_lines": []}, "ModelInspector": {"executed_lines": [120, 135, 137, 138, 139, 141, 143, 146, 147, 148, 149, 152, 153, 154, 160, 163, 164, 165, 170, 173, 175, 190, 194, 202, 206, 208, 211, 213, 214, 215, 229, 230, 232, 243, 254, 257, 259, 260, 262, 263, 264, 265, 266, 269, 270, 271, 274, 277, 278, 287, 288, 289, 292, 295, 308], "summary": {"covered_lines": 55, "num_statements": 69, "percent_covered": 79.71014492753623, "percent_covered_display": "80", "missing_lines": 14, "excluded_lines": 0}, "missing_lines": [186, 187, 188, 209, 226, 227, 255, 272, 279, 296, 303, 304, 305, 306], "excluded_lines": []}, "": {"executed_lines": [1, 3, 5, 6, 7, 8, 9, 11, 13, 16, 19, 20, 21, 23, 24, 25, 26, 27, 29, 33, 34, 39, 40, 41, 43, 44, 45, 46, 47, 49, 53, 54, 59, 60, 61, 63, 64, 65, 66, 67, 68, 69, 70, 72, 86, 87, 100, 106, 107, 115, 116, 118, 122, 192, 204, 234, 245], "summary": {"covered_lines": 52, "num_statements": 53, "percent_covered": 98.11320754716981, "percent_covered_display": "98", "missing_lines": 1, "excluded_lines": 0}, "missing_lines": [14], "excluded_lines": []}}}, "src/gpux/core/providers.py": {"executed_lines": [1, 3, 5, 6, 7, 8, 10, 12, 15, 16, 18, 19, 20, 21, 22, 23, 24, 27, 28, 30, 32, 33, 35, 37, 38, 39, 40, 45, 47, 48, 51, 62, 64, 94, 96, 108, 109, 110, 111, 112, 114, 115, 116, 117, 122, 124, 126, 127, 128, 129, 130, 131, 132, 133, 134, 135, 136, 137, 138, 139, 141, 143, 145, 147, 156, 158, 159, 164, 165, 169, 170, 173, 174, 178, 180, 182, 184, 193, 200, 201, 202, 203, 204, 205, 206, 207, 208, 209, 210, 211, 212, 213, 214, 215, 216, 217, 219], "summary": {"covered_lines": 94, "num_statements": 101, "percent_covered": 93.06930693069307, "percent_covered_display": "93", "missing_lines": 7, "excluded_lines": 0}, "missing_lines": [41, 42, 43, 73, 75, 119, 120], "excluded_lines": [], "functions": {"ProviderManager.__init__": {"executed_lines": [32, 33], "summary": {"covered_lines": 2, "num_statements": 2, "percent_covered": 100.0, "percent_covered_display": "100", "missing_lines": 0, "excluded_lines": 0}, "missing_lines": [], "excluded_lines": []}, "ProviderManager._detect_available_providers": {"executed_lines": [37, 38, 39, 40], "summary": {"covered_lines": 4, "num_statements": 7, "percent_covered": 57.142857142857146, "percent_covered_display": "57", "missing_lines": 3, "excluded_lines": 0}, "missing_lines": [41, 42, 43], "excluded_lines": []}, "ProviderManager._get_provider_priority": {"executed_lines": [47, 48, 51, 62, 64, 94], "summary": {"covered_lines": 6, "num_statements": 8, "percent_covered": 75.0, "percent_covered_display": "75", "missing_lines": 2, "excluded_lines": 0}, "missing_lines": [73, 75], "excluded_lines": []}, "ProviderManager.get_best_provider": {"executed_lines": [108, 109, 110, 111, 112, 114, 115, 116, 117], "summary": {"covered_lines": 9, "num_statements": 11, "percent_covered": 81.81818181818181, "percent_covered_display": "82", "missing_lines": 2, "excluded_lines": 0}, "missing_lines": [119, 120], "excluded_lines": []}, "ProviderManager._parse_provider_name": {"executed_lines": [124, 126, 127, 128, 129, 130, 131, 132, 133, 134, 135, 136, 137, 138, 139, 141], "summary": {"covered_lines": 16, "num_statements": 16, "percent_covered": 100.0, "percent_covered_display": "100", "missing_lines": 0, "excluded_lines": 0}, "missing_lines": [], "excluded_lines": []}, "ProviderManager._is_provider_available": {"executed_lines": [145], "summary": {"covered_lines": 1, "num_statements": 1, "percent_covered": 100.0, "percent_covered_display": "100", "missing_lines": 0, "excluded_lines": 0}, "missing_lines": [], "excluded_lines": []}, "ProviderManager.get_provider_config": {"executed_lines": [156, 158, 159, 164, 165, 169, 170, 173, 174, 178], "summary": {"covered_lines": 10, "num_statements": 10, "percent_covered": 100.0, "percent_covered_display": "100", "missing_lines": 0, "excluded_lines": 0}, "missing_lines": [], "excluded_lines": []}, "ProviderManager.get_available_providers": {"executed_lines": [182], "summary": {"covered_lines": 1, "num_statements": 1, "percent_covered": 100.0, "percent_covered_display": "100", "missing_lines": 0, "excluded_lines": 0}, "missing_lines": [], "excluded_lines": []}, "ProviderManager.get_provider_info": {"executed_lines": [193, 200, 201, 202, 203, 204, 205, 206, 207, 208, 209, 210, 211, 212, 213, 214, 215, 216, 217, 219], "summary": {"covered_lines": 20, "num_statements": 20, "percent_covered": 100.0, "percent_covered_display": "100", "missing_lines": 0, "excluded_lines": 0}, "missing_lines": [], "excluded_lines": []}, "": {"executed_lines": [1, 3, 5, 6, 7, 8, 10, 12, 15, 16, 18, 19, 20, 21, 22, 23, 24, 27, 28, 30, 35, 45, 96, 122, 143, 147, 180, 184], "summary": {"covered_lines": 25, "num_statements": 25, "percent_covered": 100.0, "percent_covered_display": "100", "missing_lines": 0, "excluded_lines": 0}, "missing_lines": [], "excluded_lines": []}}, "classes": {"ExecutionProvider": {"executed_lines": [], "summary": {"covered_lines": 0, "num_statements": 0, "percent_covered": 100.0, "percent_covered_display": "100", "missing_lines": 0, "excluded_lines": 0}, "missing_lines": [], "excluded_lines": []}, "ProviderManager": {"executed_lines": [32, 33, 37, 38, 39, 40, 47, 48, 51, 62, 64, 94, 108, 109, 110, 111, 112, 114, 115, 116, 117, 124, 126, 127, 128, 129, 130, 131, 132, 133, 134, 135, 136, 137, 138, 139, 141, 145, 156, 158, 159, 164, 165, 169, 170, 173, 174, 178, 182, 193, 200, 201, 202, 203, 204, 205, 206, 207, 208, 209, 210, 211, 212, 213, 214, 215, 216, 217, 219], "summary": {"covered_lines": 69, "num_statements": 76, "percent_covered": 90.78947368421052, "percent_covered_display": "91", "missing_lines": 7, "excluded_lines": 0}, "missing_lines": [41, 42, 43, 73, 75, 119, 120], "excluded_lines": []}, "": {"executed_lines": [1, 3, 5, 6, 7, 8, 10, 12, 15, 16, 18, 19, 20, 21, 22, 23, 24, 27, 28, 30, 35, 45, 96, 122, 143, 147, 180, 184], "summary": {"covered_lines": 25, "num_statements": 25, "percent_covered": 100.0, "percent_covered_display": "100", "missing_lines": 0, "excluded_lines": 0}, "missing_lines": [], "excluded_lines": []}}}, "src/gpux/core/runtime.py": {"executed_lines": [1, 3, 5, 6, 7, 8, 10, 11, 13, 14, 16, 19, 22, 23, 25, 38, 39, 40, 41, 42, 45, 53, 54, 56, 71, 73, 77, 79, 80, 81, 84, 85, 90, 91, 94, 95, 96, 101, 104, 105, 107, 113, 114, 115, 125, 140, 144, 146, 156, 159, 160, 161, 164, 165, 166, 169, 170, 171, 172, 175, 176, 177, 178, 180, 182, 196, 198, 199, 200, 201, 206, 208, 224, 228, 233, 234, 235, 240, 241, 242, 243, 244, 245, 251, 252, 263, 269, 271, 277, 279, 285, 288, 290, 296, 298, 300, 303, 305, 306, 308, 309, 310, 311, 312, 315, 316, 319, 322, 331, 332, 333, 336, 339, 352, 354, 363, 365, 366, 367, 368, 369, 370, 372, 374, 376, 377, 378, 379, 380, 381, 383, 385, 387, 394], "summary": {"covered_lines": 132, "num_statements": 166, "percent_covered": 79.51807228915662, "percent_covered_display": "80", "missing_lines": 34, "excluded_lines": 0}, "missing_lines": [17, 74, 75, 121, 122, 123, 141, 142, 148, 149, 150, 151, 152, 153, 154, 202, 203, 204, 225, 226, 236, 237, 246, 247, 248, 286, 301, 317, 323, 340, 347, 348, 349, 350], "excluded_lines": [], "functions": {"GPUXRuntime.__init__": {"executed_lines": [38, 39, 40, 41, 42, 45, 53, 54], "summary": {"covered_lines": 8, "num_statements": 8, "percent_covered": 100.0, "percent_covered_display": "100", "missing_lines": 0, "excluded_lines": 0}, "missing_lines": [], "excluded_lines": []}, "GPUXRuntime.load_model": {"executed_lines": [71, 73, 77, 79, 80, 81, 84, 85, 90, 91, 94, 95, 96, 101, 104, 105, 107, 113, 114, 115], "summary": {"covered_lines": 20, "num_statements": 25, "percent_covered": 80.0, "percent_covered_display": "80", "missing_lines": 5, "excluded_lines": 0}, "missing_lines": [74, 75, 121, 122, 123], "excluded_lines": []}, "GPUXRuntime.infer": {"executed_lines": [140, 144, 146, 156, 159, 160, 161, 164, 165, 166, 169, 170, 171, 172, 175, 176, 177, 178, 180], "summary": {"covered_lines": 19, "num_statements": 28, "percent_covered": 67.85714285714286, "percent_covered_display": "68", "missing_lines": 9, "excluded_lines": 0}, "missing_lines": [141, 142, 148, 149, 150, 151, 152, 153, 154], "excluded_lines": []}, "GPUXRuntime.batch_infer": {"executed_lines": [196, 198, 199, 200, 201, 206], "summary": {"covered_lines": 6, "num_statements": 9, "percent_covered": 66.66666666666667, "percent_covered_display": "67", "missing_lines": 3, "excluded_lines": 0}, "missing_lines": [202, 203, 204], "excluded_lines": []}, "GPUXRuntime.benchmark": {"executed_lines": [224, 228, 233, 234, 235, 240, 241, 242, 243, 244, 245, 251, 252, 263, 269], "summary": {"covered_lines": 15, "num_statements": 22, "percent_covered": 68.18181818181819, "percent_covered_display": "68", "missing_lines": 7, "excluded_lines": 0}, "missing_lines": [225, 226, 236, 237, 246, 247, 248], "excluded_lines": []}, "GPUXRuntime.get_model_info": {"executed_lines": [277], "summary": {"covered_lines": 1, "num_statements": 1, "percent_covered": 100.0, "percent_covered_display": "100", "missing_lines": 0, "excluded_lines": 0}, "missing_lines": [], "excluded_lines": []}, "GPUXRuntime.get_provider_info": {"executed_lines": [285, 288], "summary": {"covered_lines": 2, "num_statements": 3, "percent_covered": 66.66666666666667, "percent_covered_display": "67", "missing_lines": 1, "excluded_lines": 0}, "missing_lines": [286], "excluded_lines": []}, "GPUXRuntime.get_available_providers": {"executed_lines": [296], "summary": {"covered_lines": 1, "num_statements": 1, "percent_covered": 100.0, "percent_covered_display": "100", "missing_lines": 0, "excluded_lines": 0}, "missing_lines": [], "excluded_lines": []}, "GPUXRuntime._validate_input": {"executed_lines": [300, 303, 305, 306, 308, 309, 310, 311, 312, 315, 316, 319, 322, 331, 332, 333, 336, 339, 352], "summary": {"covered_lines": 19, "num_statements": 27, "percent_covered": 70.37037037037037, "percent_covered_display": "70", "missing_lines": 8, "excluded_lines": 0}, "missing_lines": [301, 317, 323, 340, 347, 348, 349, 350], "excluded_lines": []}, "GPUXRuntime._parse_memory_limit": {"executed_lines": [363, 365, 366, 367, 368, 369, 370, 372], "summary": {"covered_lines": 8, "num_statements": 8, "percent_covered": 100.0, "percent_covered_display": "100", "missing_lines": 0, "excluded_lines": 0}, "missing_lines": [], "excluded_lines": []}, "GPUXRuntime.cleanup": {"executed_lines": [376, 377, 378, 379, 380, 381], "summary": {"covered_lines": 6, "num_statements": 6, "percent_covered": 100.0, "percent_covered_display": "100", "missing_lines": 0, "excluded_lines": 0}, "missing_lines": [], "excluded_lines": []}, "GPUXRuntime.__enter__": {"executed_lines": [385], "summary": {"covered_lines": 1, "num_statements": 1, "percent_covered": 100.0, "percent_covered_display": "100", "missing_lines": 0, "excluded_lines": 0}, "missing_lines": [], "excluded_lines": []}, "GPUXRuntime.__exit__": {"executed_lines": [394], "summary": {"covered_lines": 1, "num_statements": 1, "percent_covered": 100.0, "percent_covered_display": "100", "missing_lines": 0, "excluded_lines": 0}, "missing_lines": [], "excluded_lines": []}, "": {"executed_lines": [1, 3, 5, 6, 7, 8, 10, 11, 13, 14, 16, 19, 22, 23, 25, 56, 125, 182, 208, 271, 279, 290, 298, 354, 374, 383, 387], "summary": {"covered_lines": 25, "num_statements": 26, "percent_covered": 96.15384615384616, "percent_covered_display": "96", "missing_lines": 1, "excluded_lines": 0}, "missing_lines": [17], "excluded_lines": []}}, "classes": {"GPUXRuntime": {"executed_lines": [38, 39, 40, 41, 42, 45, 53, 54, 71, 73, 77, 79, 80, 81, 84, 85, 90, 91, 94, 95, 96, 101, 104, 105, 107, 113, 114, 115, 140, 144, 146, 156, 159, 160, 161, 164, 165, 166, 169, 170, 171, 172, 175, 176, 177, 178, 180, 196, 198, 199, 200, 201, 206, 224, 228, 233, 234, 235, 240, 241, 242, 243, 244, 245, 251, 252, 263, 269, 277, 285, 288, 296, 300, 303, 305, 306, 308, 309, 310, 311, 312, 315, 316, 319, 322, 331, 332, 333, 336, 339, 352, 363, 365, 366, 367, 368, 369, 370, 372, 376, 377, 378, 379, 380, 381, 385, 394], "summary": {"covered_lines": 107, "num_statements": 140, "percent_covered": 76.42857142857143, "percent_covered_display": "76", "missing_lines": 33, "excluded_lines": 0}, "missing_lines": [74, 75, 121, 122, 123, 141, 142, 148, 149, 150, 151, 152, 153, 154, 202, 203, 204, 225, 226, 236, 237, 246, 247, 248, 286, 301, 317, 323, 340, 347, 348, 349, 350], "excluded_lines": []}, "": {"executed_lines": [1, 3, 5, 6, 7, 8, 10, 11, 13, 14, 16, 19, 22, 23, 25, 56, 125, 182, 208, 271, 279, 290, 298, 354, 374, 383, 387], "summary": {"covered_lines": 25, "num_statements": 26, "percent_covered": 96.15384615384616, "percent_covered_display": "96", "missing_lines": 1, "excluded_lines": 0}, "missing_lines": [17], "excluded_lines": []}}}, "src/gpux/utils/helpers.py": {"executed_lines": [1, 3, 5, 6, 7, 8, 9, 11, 14, 20, 30, 39, 40, 41, 42, 43, 44, 47, 56, 57, 58, 59, 60, 61, 62, 65, 74, 75, 76, 79, 95, 97, 98, 99, 102, 112, 113, 116, 137, 138, 145, 146, 147, 148, 150, 152, 155, 161, 164, 165, 167, 172, 173, 175, 180, 181, 183, 188, 189, 191, 196, 197, 199, 204, 205, 207, 212, 213, 215, 220, 221, 223, 227, 230, 236, 242, 243, 246, 247, 249, 250, 251, 252, 255, 257, 258, 267, 268, 272, 275, 287, 289, 323, 324, 326, 329, 338, 339, 341, 342, 343, 344, 345, 347, 350], "summary": {"covered_lines": 104, "num_statements": 131, "percent_covered": 79.38931297709924, "percent_covered_display": "79", "missing_lines": 27, "excluded_lines": 0}, "missing_lines": [149, 151, 168, 169, 176, 177, 184, 185, 192, 193, 200, 201, 208, 209, 216, 217, 224, 225, 263, 265, 269, 270, 357, 359, 360, 361, 364], "excluded_lines": [], "functions": {"get_system_info": {"executed_lines": [20], "summary": {"covered_lines": 1, "num_statements": 1, "percent_covered": 100.0, "percent_covered_display": "100", "missing_lines": 0, "excluded_lines": 0}, "missing_lines": [], "excluded_lines": []}, "format_bytes": {"executed_lines": [39, 40, 41, 42, 43, 44], "summary": {"covered_lines": 6, "num_statements": 6, "percent_covered": 100.0, "percent_covered_display": "100", "missing_lines": 0, "excluded_lines": 0}, "missing_lines": [], "excluded_lines": []}, "format_time": {"executed_lines": [56, 57, 58, 59, 60, 61, 62], "summary": {"covered_lines": 7, "num_statements": 7, "percent_covered": 100.0, "percent_covered_display": "100", "missing_lines": 0, "excluded_lines": 0}, "missing_lines": [], "excluded_lines": []}, "ensure_directory": {"executed_lines": [74, 75, 76], "summary": {"covered_lines": 3, "num_statements": 3, "percent_covered": 100.0, "percent_covered_display": "100", "missing_lines": 0, "excluded_lines": 0}, "missing_lines": [], "excluded_lines": []}, "find_files": {"executed_lines": [95, 97, 98, 99], "summary": {"covered_lines": 4, "num_statements": 4, "percent_covered": 100.0, "percent_covered_display": "100", "missing_lines": 0, "excluded_lines": 0}, "missing_lines": [], "excluded_lines": []}, "validate_file_extension": {"executed_lines": [112, 113], "summary": {"covered_lines": 2, "num_statements": 2, "percent_covered": 100.0, "percent_covered_display": "100", "missing_lines": 0, "excluded_lines": 0}, "missing_lines": [], "excluded_lines": []}, "run_command": {"executed_lines": [137, 138, 145, 146, 147, 148, 150, 152], "summary": {"covered_lines": 8, "num_statements": 10, "percent_covered": 80.0, "percent_covered_display": "80", "missing_lines": 2, "excluded_lines": 0}, "missing_lines": [149, 151], "excluded_lines": []}, "check_dependencies": {"executed_lines": [161, 164, 165, 167, 172, 173, 175, 180, 181, 183, 188, 189, 191, 196, 197, 199, 204, 205, 207, 212, 213, 215, 220, 221, 223, 227], "summary": {"covered_lines": 26, "num_statements": 42, "percent_covered": 61.904761904761905, "percent_covered_display": "62", "missing_lines": 16, "excluded_lines": 0}, "missing_lines": [168, 169, 176, 177, 184, 185, 192, 193, 200, 201, 208, 209, 216, 217, 224, 225], "excluded_lines": []}, "get_gpu_info": {"executed_lines": [236, 242, 243, 246, 247, 249, 250, 251, 252, 255, 257, 258, 267, 268, 272], "summary": {"covered_lines": 15, "num_statements": 19, "percent_covered": 78.94736842105263, "percent_covered_display": "79", "missing_lines": 4, "excluded_lines": 0}, "missing_lines": [263, 265, 269, 270], "excluded_lines": []}, "create_gpuxfile_template": {"executed_lines": [287, 289, 323, 324, 326], "summary": {"covered_lines": 5, "num_statements": 5, "percent_covered": 100.0, "percent_covered_display": "100", "missing_lines": 0, "excluded_lines": 0}, "missing_lines": [], "excluded_lines": []}, "validate_gpuxfile": {"executed_lines": [338, 339, 341, 342, 343, 344, 345, 347], "summary": {"covered_lines": 8, "num_statements": 8, "percent_covered": 100.0, "percent_covered_display": "100", "missing_lines": 0, "excluded_lines": 0}, "missing_lines": [], "excluded_lines": []}, "get_project_root": {"executed_lines": [], "summary": {"covered_lines": 0, "num_statements": 5, "percent_covered": 0.0, "percent_covered_display": "0", "missing_lines": 5, "excluded_lines": 0}, "missing_lines": [357, 359, 360, 361, 364], "excluded_lines": []}, "": {"executed_lines": [1, 3, 5, 6, 7, 8, 9, 11, 14, 30, 47, 65, 79, 102, 116, 155, 230, 275, 329, 350], "summary": {"covered_lines": 19, "num_statements": 19, "percent_covered": 100.0, "percent_covered_display": "100", "missing_lines": 0, "excluded_lines": 0}, "missing_lines": [], "excluded_lines": []}}, "classes": {"": {"executed_lines": [1, 3, 5, 6, 7, 8, 9, 11, 14, 20, 30, 39, 40, 41, 42, 43, 44, 47, 56, 57, 58, 59, 60, 61, 62, 65, 74, 75, 76, 79, 95, 97, 98, 99, 102, 112, 113, 116, 137, 138, 145, 146, 147, 148, 150, 152, 155, 161, 164, 165, 167, 172, 173, 175, 180, 181, 183, 188, 189, 191, 196, 197, 199, 204, 205, 207, 212, 213, 215, 220, 221, 223, 227, 230, 236, 242, 243, 246, 247, 249, 250, 251, 252, 255, 257, 258, 267, 268, 272, 275, 287, 289, 323, 324, 326, 329, 338, 339, 341, 342, 343, 344, 345, 347, 350], "summary": {"covered_lines": 104, "num_statements": 131, "percent_covered": 79.38931297709924, "percent_covered_display": "79", "missing_lines": 27, "excluded_lines": 0}, "missing_lines": [149, 151, 168, 169, 176, 177, 184, 185, 192, 193, 200, 201, 208, 209, 216, 217, 224, 225, 263, 265, 269, 270, 357, 359, 360, 361, 364], "excluded_lines": []}}}}, "totals": {"covered_lines": 1055, "num_statements": 1264, "percent_covered": 83.46518987341773, "percent_covered_display": "83", "missing_lines": 209, "excluded_lines": 9}}
